04-01-2021 16:17:15	This log contains information about the import schema operation into project 'UniversityDB' on computer 'LAPTOP-CIKUG36M' by user 'MeghanaRao'.
04-01-2021 16:17:16	Import of database schema has started.
04-01-2021 16:17:38	Gathering error messages
04-01-2021 16:17:38	Gathering cryptographic providers
04-01-2021 16:17:39	Gathering credentials
04-01-2021 16:17:39	Gathering logins
04-01-2021 16:17:39	Gathering server roles
04-01-2021 16:17:39	Gathering server role memberships
04-01-2021 16:17:39	Gathering linked servers
04-01-2021 16:17:40	Gathering linked server logins
04-01-2021 16:17:40	Gathering routes
04-01-2021 16:17:40	Gathering ddl triggers
04-01-2021 16:17:40	Gathering encrypted and clr ddl triggers
04-01-2021 16:17:40	Gathering event notifications
04-01-2021 16:17:40	Gathering server audits
04-01-2021 16:17:40	Gathering server audit specifications
04-01-2021 16:17:40	Gathering event notifications
04-01-2021 16:18:00	Gathering database credentials
04-01-2021 16:18:00	Gathering database options
04-01-2021 16:18:00	Gathering generic database scoped configuration option
04-01-2021 16:18:00	Gathering users
04-01-2021 16:18:00	Gathering roles
04-01-2021 16:18:00	Gathering application roles
04-01-2021 16:18:00	Gathering role memberships
04-01-2021 16:18:00	Gathering filegroups
04-01-2021 16:18:00	Gathering files
04-01-2021 16:18:02	Gathering full-text catalogs
04-01-2021 16:18:02	Gathering assemblies
04-01-2021 16:18:02	Gathering certificates
04-01-2021 16:18:02	Gathering asymmetric keys
04-01-2021 16:18:02	Gathering symmetric keys
04-01-2021 16:18:02	Gathering encrypted symmetric keys
04-01-2021 16:18:02	Gathering database encryption keys
04-01-2021 16:18:02	Gathering schemas
04-01-2021 16:18:02	Gathering XML schema collections
04-01-2021 16:18:02	Gathering user-defined data types
04-01-2021 16:18:02	Gathering user-defined types
04-01-2021 16:18:02	Gathering table types
04-01-2021 16:18:02	Gathering unique keys for table types
04-01-2021 16:18:02	Gathering primary keys for table types
04-01-2021 16:18:02	Gathering indexes for table types
04-01-2021 16:18:17	Gathering check constraints for table types
04-01-2021 16:18:17	Gathering default constraints for table types
04-01-2021 16:18:17	Gathering partition functions
04-01-2021 16:18:17	Gathering partition schemes
04-01-2021 16:18:17	Gathering functions
04-01-2021 16:18:17	Gathering encrypted functions
04-01-2021 16:18:17	Gathering aggregates
04-01-2021 16:18:17	Gathering procedures
04-01-2021 16:18:17	Gathering encrypted procedures
04-01-2021 16:18:17	Gathering tables
04-01-2021 16:18:19	Gathering primary keys
04-01-2021 16:18:19	Gathering unique constraints
04-01-2021 16:18:19	Gathering foreign keys
04-01-2021 16:18:25	Gathering default constraints
04-01-2021 16:18:25	Gathering check constraints
04-01-2021 16:18:25	Gathering views
04-01-2021 16:18:25	Gathering encrypted views
04-01-2021 16:18:25	Gathering indexes
04-01-2021 16:18:25	Gathering statistics
04-01-2021 16:18:25	Gathering full-text index stoplists
04-01-2021 16:18:25	Gathering search property lists
04-01-2021 16:18:25	Gathering search properties
04-01-2021 16:18:25	Gathering full-text indexes
04-01-2021 16:18:25	Gathering column store indexes
04-01-2021 16:18:26	Gathering spatial indexes
04-01-2021 16:18:26	Gathering XML indexes
04-01-2021 16:18:26	Gathering Selective XML indexes
04-01-2021 16:18:26	Gathering encrypted triggers
04-01-2021 16:18:26	Gathering triggers
04-01-2021 16:18:35	Gathering encrypted and clr ddl triggers
04-01-2021 16:18:35	Gathering ddl triggers
04-01-2021 16:18:35	Gathering synonyms
04-01-2021 16:18:35	Gathering defaults
04-01-2021 16:18:35	Gathering data constraint uddt bindings
04-01-2021 16:18:35	Gathering rules
04-01-2021 16:18:35	Gathering data constraint uddt bindings
04-01-2021 16:18:35	Gathering message types
04-01-2021 16:18:35	Gathering queues
04-01-2021 16:18:35	Gathering contracts
04-01-2021 16:18:35	Gathering services
04-01-2021 16:18:35	Gathering routes
04-01-2021 16:18:35	Gathering event notifications
04-01-2021 16:18:35	Gathering remote service bindings
04-01-2021 16:18:35	Gathering broker priorities
04-01-2021 16:18:35	Gathering database audit specifications
04-01-2021 16:18:35	Gathering signatures
04-01-2021 16:18:35	Gathering data compression options
04-01-2021 16:18:35	Gathering sequence types
04-01-2021 16:18:35	Gathering security policies
04-01-2021 16:18:35	Gather column encryption keys
04-01-2021 16:18:35	Gathering column master keys
04-01-2021 16:18:35	Gathering external data sources
04-01-2021 16:18:35	Gathering external file formats
04-01-2021 16:18:35	Gathering external tables
04-01-2021 16:18:35	Gathering extended properties
04-01-2021 16:18:40	Scanning project for duplicate elements
04-01-2021 16:18:40	Finished duplicate element processing
04-01-2021 16:18:49	Finished importing database.
04-01-2021 16:18:49	A summary of the import was saved to the following location: C:\Users\MeghanaRao\git\University_DB\UniversityDB\UniversityDB\Import Schema Logs\UniversityDB_20210104104715.log
04-01-2021 16:18:49	Click Finish to continue...
