04-01-2021 16:48:56	This log contains information about the import schema operation into project 'UniversityDB' on computer 'LAPTOP-CIKUG36M' by user 'MeghanaRao'.
04-01-2021 16:48:58	Import of database schema has started.
04-01-2021 16:49:47	Gathering database credentials
04-01-2021 16:49:47	Gathering database options
04-01-2021 16:49:47	Gathering generic database scoped configuration option
04-01-2021 16:49:47	Gathering users
04-01-2021 16:49:47	Gathering roles
04-01-2021 16:49:47	Gathering application roles
04-01-2021 16:49:48	Gathering role memberships
04-01-2021 16:49:48	Gathering filegroups
04-01-2021 16:49:48	Gathering full-text catalogs
04-01-2021 16:49:48	Gathering assemblies
04-01-2021 16:49:48	Gathering certificates
04-01-2021 16:49:48	Gathering asymmetric keys
04-01-2021 16:49:48	Gathering symmetric keys
04-01-2021 16:49:48	Gathering encrypted symmetric keys
04-01-2021 16:49:48	Gathering schemas
04-01-2021 16:49:49	Gathering XML schema collections
04-01-2021 16:49:49	Gathering user-defined data types
04-01-2021 16:49:49	Gathering user-defined types
04-01-2021 16:49:49	Gathering table types
04-01-2021 16:49:49	Gathering unique keys for table types
04-01-2021 16:49:49	Gathering primary keys for table types
04-01-2021 16:49:49	Gathering indexes for table types
04-01-2021 16:49:49	Gathering check constraints for table types
04-01-2021 16:49:49	Gathering default constraints for table types
04-01-2021 16:49:49	Gathering partition functions
04-01-2021 16:49:49	Gathering partition schemes
04-01-2021 16:50:58	Gathering functions
04-01-2021 16:50:59	Gathering encrypted functions
04-01-2021 16:51:04	Gathering aggregates
04-01-2021 16:51:08	Gathering procedures
04-01-2021 16:51:10	Gathering encrypted procedures
04-01-2021 16:51:12	Gathering tables
04-01-2021 16:51:15	Gathering primary keys
04-01-2021 16:51:17	Gathering unique constraints
04-01-2021 16:51:17	Gathering foreign keys
04-01-2021 16:51:18	Gathering default constraints
04-01-2021 16:51:18	Gathering check constraints
04-01-2021 16:51:23	Gathering views
04-01-2021 16:51:23	Gathering encrypted views
04-01-2021 16:51:24	Gathering indexes
04-01-2021 16:51:24	Gathering statistics
04-01-2021 16:51:24	Gathering full-text index stoplists
04-01-2021 16:51:24	Gathering search property lists
04-01-2021 16:51:24	Gathering search properties
04-01-2021 16:51:25	Gathering full-text indexes
04-01-2021 16:51:25	Gathering column store indexes
04-01-2021 16:51:26	Gathering spatial indexes
04-01-2021 16:51:27	Gathering XML indexes
04-01-2021 16:51:29	Gathering Selective XML indexes
04-01-2021 16:51:29	Gathering encrypted triggers
04-01-2021 16:51:30	Gathering triggers
04-01-2021 16:51:30	Gathering encrypted and clr ddl triggers
04-01-2021 16:51:30	Gathering ddl triggers
04-01-2021 16:51:30	Gathering synonyms
04-01-2021 16:51:35	Gathering defaults
04-01-2021 16:51:35	Gathering data constraint uddt bindings
04-01-2021 16:51:38	Gathering rules
04-01-2021 16:51:38	Gathering data constraint uddt bindings
04-01-2021 16:51:38	Gathering message types
04-01-2021 16:51:38	Gathering queues
04-01-2021 16:51:39	Gathering contracts
04-01-2021 16:51:39	Gathering services
04-01-2021 16:51:39	Gathering event notifications
04-01-2021 16:51:39	Gathering remote service bindings
04-01-2021 16:51:39	Gathering broker priorities
04-01-2021 16:51:39	Gathering signatures
04-01-2021 16:51:39	Gathering data compression options
04-01-2021 16:51:40	Gathering sequence types
04-01-2021 16:51:40	Gathering security policies
04-01-2021 16:51:40	Gather column encryption keys
04-01-2021 16:51:40	Gathering column master keys
04-01-2021 16:51:40	Gathering external data sources
04-01-2021 16:51:40	Gathering external file formats
04-01-2021 16:51:42	Gathering external tables
04-01-2021 16:51:42	Gathering extended properties
04-01-2021 16:51:49	Gathering credentials
04-01-2021 16:51:49	Gathering logins
04-01-2021 16:51:50	Gathering server audits
04-01-2021 16:51:54	Scanning project for duplicate elements
04-01-2021 16:51:54	Finished duplicate element processing
04-01-2021 16:51:56	Finished importing database.
04-01-2021 16:51:56	A summary of the import was saved to the following location: C:\Users\MeghanaRao\git\University_DB\UniversityDB\UniversityDB\Import Schema Logs\UniversityDB_20210104111856.log
04-01-2021 16:51:56	Click Finish to continue...
